ScreenTemplate(), ScreenTemplate(), Workflow Management
ScreenTemplate(), ScreenTemplate(), Workflow Management
ScreenTemplate(), ScreenTemplate(), Instance Management
ScreenTemplate(), ScreenTemplate(), Workflow Management
ScreenTemplate(), ScreenTemplate(), Asset Management
ScreenTemplate(), ScreenTemplate(), Asset Management
ScreenTemplate(), ScreenTemplate(), Workflow Management
ScreenTemplate(), ScreenTemplate(), Workflow Management
ScreenTemplate(), ScreenTemplate(), Workflow Management
ScreenTemplate(), ScreenTemplate(), Workflow Management
ScreenTemplate(), ScreenTemplate(), Workflow Management
ScreenTemplate(), ScreenTemplate(), Workflow Management
False
False
ScreenTemplate()
False
ScreenTemplate()
False
ScreenTemplate()
False
ScreenTemplate()
<class '__main__.ScreenTemplate'>
ScreenTemplate()
<property object at 0x000001F3FC102020>
ScreenTemplate
ScreenTemplate
ScreenTemplate
ScreenTemplate
ScreenTemplate
ScreenTemplate
ScreenTemplate
ScreenTemplate
ScreenTemplate
ScreenTemplate
ScreenTemplate
ScreenTemplate
ScreenTemplate
ScreenTemplate
ScreenTemplate
ScreenTemplate
ScreenTemplate
ScreenTemplate
ScreenTemplate
ScreenTemplate
ScreenTemplate
ScreenTemplate
ScreenTemplate
ScreenTemplate
ScreenTemplate
ScreenTemplate
ScreenTemplate
ScreenTemplate
ScreenTemplate
ScreenTemplate
ScreenTemplate
ScreenTemplate
ScreenTemplate
ScreenTemplate
ScreenTemplate
MainScreen
MainScreen
MainScreen
AnimalScreen
MainScreen
MainScreen
MainScreen
AnimalScreen
MainScreen
MainScreen
AnimalScreen
MainScreen
MainScreen
MainScreen
AnimalScreen
